<?xml version="1.0" encoding="UTF-8"?>
<coverage generated="1719579881188" clover="3.2.0">
  <project timestamp="1719579881188" name="All files">
    <metrics statements="2" coveredstatements="2" conditionals="0" coveredconditionals="0" methods="1" coveredmethods="1" elements="3" coveredelements="3" complexity="0" loc="2" ncloc="2" packages="1" files="1" classes="1"/>
    <file name="sum.js" path="/Users/praveentomar/Desktop/FoodApp/src/components/sum.js">
      <metrics statements="2" coveredstatements="2" conditionals="0" coveredconditionals="0" methods="1" coveredmethods="1"/>
      <line num="1" count="1" type="stmt"/>
      <line num="2" count="1" type="stmt"/>
    </file>
<coverage generated="1719578939617" clover="3.2.0">
  <project timestamp="1719578939617" name="All files">
    <metrics statements="0" coveredstatements="0" conditionals="0" coveredconditionals="0" methods="0" coveredmethods="0" elements="0" coveredelements="0" complexity="0" loc="0" ncloc="0" packages="0" files="0" classes="0"/>
  </project>
</coverage>
