{"/Users/praveentomar/Desktop/Full Stack/React Projects Namaste React/FoodApp/src/components/Body.js": {"path":"/Users/praveentomar/Desktop/Full Stack/React Projects Namaste React/FoodApp/src/components/Body.js","statementMap":{"0":{"start":{"line":11,"column":13},"end":{"line":84,"column":1}},"1":{"start":{"line":12,"column":52},"end":{"line":12,"column":64}},"2":{"start":{"line":13,"column":40},"end":{"line":13,"column":52}},"3":{"start":{"line":14,"column":56},"end":{"line":14,"column":68}},"4":{"start":{"line":15,"column":35},"end":{"line":15,"column":68}},"5":{"start":{"line":19,"column":39},"end":{"line":19,"column":62}},"6":{"start":{"line":22,"column":4},"end":{"line":24,"column":11}},"7":{"start":{"line":23,"column":8},"end":{"line":23,"column":20}},"8":{"start":{"line":27,"column":22},"end":{"line":36,"column":5}},"9":{"start":{"line":28,"column":21},"end":{"line":30,"column":9}},"10":{"start":{"line":31,"column":21},"end":{"line":31,"column":38}},"11":{"start":{"line":32,"column":22},"end":{"line":32,"column":96}},"12":{"start":{"line":34,"column":8},"end":{"line":34,"column":37}},"13":{"start":{"line":35,"column":8},"end":{"line":35,"column":39}},"14":{"start":{"line":38,"column":25},"end":{"line":38,"column":42}},"15":{"start":{"line":39,"column":4},"end":{"line":45,"column":10}},"16":{"start":{"line":40,"column":8},"end":{"line":45,"column":10}},"17":{"start":{"line":48,"column":4},"end":{"line":83,"column":5}},"18":{"start":{"line":53,"column":183},"end":{"line":53,"column":217}},"19":{"start":{"line":55,"column":44},"end":{"line":55,"column":142}},"20":{"start":{"line":55,"column":77},"end":{"line":55,"column":141}},"21":{"start":{"line":56,"column":24},"end":{"line":56,"column":59}},"22":{"start":{"line":61,"column":35},"end":{"line":63,"column":26}},"23":{"start":{"line":62,"column":28},"end":{"line":62,"column":63}},"24":{"start":{"line":64,"column":24},"end":{"line":64,"column":52}},"25":{"start":{"line":76,"column":59},"end":{"line":77,"column":131}}},"fnMap":{"0":{"name":"(anonymous_0)","decl":{"start":{"line":11,"column":13},"end":{"line":11,"column":14}},"loc":{"start":{"line":11,"column":19},"end":{"line":84,"column":1}},"line":11},"1":{"name":"(anonymous_1)","decl":{"start":{"line":22,"column":14},"end":{"line":22,"column":15}},"loc":{"start":{"line":22,"column":20},"end":{"line":24,"column":5}},"line":22},"2":{"name":"(anonymous_2)","decl":{"start":{"line":27,"column":22},"end":{"line":27,"column":23}},"loc":{"start":{"line":27,"column":34},"end":{"line":36,"column":5}},"line":27},"3":{"name":"(anonymous_3)","decl":{"start":{"line":53,"column":170},"end":{"line":53,"column":171}},"loc":{"start":{"line":53,"column":181},"end":{"line":53,"column":219}},"line":53},"4":{"name":"(anonymous_4)","decl":{"start":{"line":54,"column":127},"end":{"line":54,"column":128}},"loc":{"start":{"line":54,"column":133},"end":{"line":57,"column":21}},"line":54},"5":{"name":"(anonymous_5)","decl":{"start":{"line":55,"column":68},"end":{"line":55,"column":69}},"loc":{"start":{"line":55,"column":77},"end":{"line":55,"column":141}},"line":55},"6":{"name":"(anonymous_6)","decl":{"start":{"line":60,"column":115},"end":{"line":60,"column":116}},"loc":{"start":{"line":60,"column":121},"end":{"line":65,"column":21}},"line":60},"7":{"name":"(anonymous_7)","decl":{"start":{"line":61,"column":59},"end":{"line":61,"column":60}},"loc":{"start":{"line":61,"column":68},"end":{"line":63,"column":25}},"line":61},"8":{"name":"(anonymous_8)","decl":{"start":{"line":76,"column":43},"end":{"line":76,"column":44}},"loc":{"start":{"line":76,"column":59},"end":{"line":77,"column":131}},"line":76}},"branchMap":{"0":{"loc":{"start":{"line":39,"column":4},"end":{"line":45,"column":10}},"type":"if","locations":[{"start":{"line":39,"column":4},"end":{"line":45,"column":10}},{"start":{},"end":{}}],"line":39},"1":{"loc":{"start":{"line":48,"column":11},"end":{"line":83,"column":5}},"type":"cond-expr","locations":[{"start":{"line":48,"column":43},"end":{"line":48,"column":54}},{"start":{"line":49,"column":7},"end":{"line":82,"column":13}}],"line":48},"2":{"loc":{"start":{"line":76,"column":136},"end":{"line":77,"column":123}},"type":"cond-expr","locations":[{"start":{"line":77,"column":34},"end":{"line":77,"column":81}},{"start":{"line":77,"column":84},"end":{"line":77,"column":123}}],"line":76}},"s":{"0":1,"1":7,"2":7,"3":7,"4":7,"5":7,"6":7,"7":2,"8":7,"9":2,"10":2,"11":2,"12":2,"13":2,"14":7,"15":7,"16":0,"17":7,"18":1,"19":1,"20":20,"21":1,"22":1,"23":20,"24":1,"25":69},"f":{"0":7,"1":2,"2":2,"3":1,"4":1,"5":20,"6":1,"7":20,"8":69},"b":{"0":[0,7],"1":[2,5],"2":[32,37]},"_coverageSchema":"1a1c01bbd47fc00a2c39e90264f33305004495a9","hash":"1438b681fd2f0171176343659aa9f53e1b688366"}
,"/Users/praveentomar/Desktop/Full Stack/React Projects Namaste React/FoodApp/src/components/Contact.js": {"path":"/Users/praveentomar/Desktop/Full Stack/React Projects Namaste React/FoodApp/src/components/Contact.js","statementMap":{"0":{"start":{"line":3,"column":16},"end":{"line":25,"column":1}},"1":{"start":{"line":4,"column":42},"end":{"line":4,"column":65}},"2":{"start":{"line":6,"column":4},"end":{"line":24,"column":5}},"3":{"start":{"line":20,"column":132},"end":{"line":20,"column":163}}},"fnMap":{"0":{"name":"(anonymous_0)","decl":{"start":{"line":3,"column":16},"end":{"line":3,"column":17}},"loc":{"start":{"line":3,"column":22},"end":{"line":25,"column":1}},"line":3},"1":{"name":"(anonymous_1)","decl":{"start":{"line":20,"column":121},"end":{"line":20,"column":122}},"loc":{"start":{"line":20,"column":130},"end":{"line":20,"column":165}},"line":20}},"branchMap":{},"s":{"0":1,"1":4,"2":4,"3":0},"f":{"0":4,"1":0},"b":{},"_coverageSchema":"1a1c01bbd47fc00a2c39e90264f33305004495a9","hash":"5e7a97b634b51a5dddbaaa447219bb94c3a26860"}
,"/Users/praveentomar/Desktop/Full Stack/React Projects Namaste React/FoodApp/src/components/Footer.js": {"path":"/Users/praveentomar/Desktop/Full Stack/React Projects Namaste React/FoodApp/src/components/Footer.js","statementMap":{"0":{"start":{"line":3,"column":13},"end":{"line":11,"column":1}},"1":{"start":{"line":4,"column":25},"end":{"line":4,"column":42}},"2":{"start":{"line":5,"column":4},"end":{"line":10,"column":5}}},"fnMap":{"0":{"name":"(anonymous_0)","decl":{"start":{"line":3,"column":13},"end":{"line":3,"column":14}},"loc":{"start":{"line":3,"column":17},"end":{"line":11,"column":1}},"line":3}},"branchMap":{"0":{"loc":{"start":{"line":8,"column":68},"end":{"line":8,"column":90}},"type":"cond-expr","locations":[{"start":{"line":8,"column":81},"end":{"line":8,"column":85}},{"start":{"line":8,"column":86},"end":{"line":8,"column":90}}],"line":8}},"s":{"0":1,"1":5,"2":5},"f":{"0":5},"b":{"0":[5,0]},"_coverageSchema":"1a1c01bbd47fc00a2c39e90264f33305004495a9","hash":"9a167f08ed6e4d8f08d9517752e013bf8b3a2647"}
,"/Users/praveentomar/Desktop/Full Stack/React Projects Namaste React/FoodApp/src/components/Header.js": {"path":"/Users/praveentomar/Desktop/Full Stack/React Projects Namaste React/FoodApp/src/components/Header.js","statementMap":{"0":{"start":{"line":9,"column":15},"end":{"line":48,"column":1}},"1":{"start":{"line":11,"column":44},"end":{"line":11,"column":61}},"2":{"start":{"line":13,"column":17},"end":{"line":13,"column":40}},"3":{"start":{"line":17,"column":20},"end":{"line":17,"column":58}},"4":{"start":{"line":17,"column":41},"end":{"line":17,"column":57}},"5":{"start":{"line":20,"column":4},"end":{"line":47,"column":5}},"6":{"start":{"line":41,"column":73},"end":{"line":41,"column":151}}},"fnMap":{"0":{"name":"(anonymous_0)","decl":{"start":{"line":9,"column":15},"end":{"line":9,"column":16}},"loc":{"start":{"line":9,"column":21},"end":{"line":48,"column":1}},"line":9},"1":{"name":"(anonymous_1)","decl":{"start":{"line":17,"column":32},"end":{"line":17,"column":33}},"loc":{"start":{"line":17,"column":41},"end":{"line":17,"column":57}},"line":17},"2":{"name":"(anonymous_2)","decl":{"start":{"line":41,"column":65},"end":{"line":41,"column":66}},"loc":{"start":{"line":41,"column":71},"end":{"line":41,"column":153}},"line":41}},"branchMap":{"0":{"loc":{"start":{"line":41,"column":73},"end":{"line":41,"column":151}},"type":"cond-expr","locations":[{"start":{"line":41,"column":99},"end":{"line":41,"column":124}},{"start":{"line":41,"column":127},"end":{"line":41,"column":151}}],"line":41}},"s":{"0":1,"1":4,"2":4,"3":4,"4":7,"5":4,"6":1},"f":{"0":4,"1":7,"2":1},"b":{"0":[1,0]},"_coverageSchema":"1a1c01bbd47fc00a2c39e90264f33305004495a9","hash":"180ee9646bbe6f55d48de2b575c5d9d26f4740a0"}
,"/Users/praveentomar/Desktop/Full Stack/React Projects Namaste React/FoodApp/src/components/ItemList.js": {"path":"/Users/praveentomar/Desktop/Full Stack/React Projects Namaste React/FoodApp/src/components/ItemList.js","statementMap":{"0":{"start":{"line":7,"column":17},"end":{"line":40,"column":1}},"1":{"start":{"line":12,"column":21},"end":{"line":12,"column":34}},"2":{"start":{"line":13,"column":27},"end":{"line":16,"column":5}},"3":{"start":{"line":15,"column":8},"end":{"line":15,"column":35}},"4":{"start":{"line":18,"column":4},"end":{"line":39,"column":5}},"5":{"start":{"line":21,"column":16},"end":{"line":36,"column":22}},"6":{"start":{"line":34,"column":39},"end":{"line":34,"column":62}}},"fnMap":{"0":{"name":"(anonymous_0)","decl":{"start":{"line":7,"column":17},"end":{"line":7,"column":18}},"loc":{"start":{"line":7,"column":31},"end":{"line":40,"column":1}},"line":7},"1":{"name":"(anonymous_1)","decl":{"start":{"line":13,"column":27},"end":{"line":13,"column":28}},"loc":{"start":{"line":13,"column":40},"end":{"line":16,"column":5}},"line":13},"2":{"name":"(anonymous_2)","decl":{"start":{"line":20,"column":22},"end":{"line":20,"column":23}},"loc":{"start":{"line":21,"column":16},"end":{"line":36,"column":22}},"line":21},"3":{"name":"(anonymous_3)","decl":{"start":{"line":34,"column":33},"end":{"line":34,"column":34}},"loc":{"start":{"line":34,"column":39},"end":{"line":34,"column":62}},"line":34}},"branchMap":{"0":{"loc":{"start":{"line":23,"column":25},"end":{"line":23,"column":98}},"type":"cond-expr","locations":[{"start":{"line":23,"column":87},"end":{"line":23,"column":91}},{"start":{"line":23,"column":94},"end":{"line":23,"column":98}}],"line":23},"1":{"loc":{"start":{"line":25,"column":25},"end":{"line":25,"column":239}},"type":"cond-expr","locations":[{"start":{"line":25,"column":82},"end":{"line":25,"column":214}},{"start":{"line":25,"column":217},"end":{"line":25,"column":239}}],"line":25},"2":{"loc":{"start":{"line":27,"column":52},"end":{"line":28,"column":33}},"type":"binary-expr","locations":[{"start":{"line":27,"column":52},"end":{"line":27,"column":84}},{"start":{"line":27,"column":88},"end":{"line":28,"column":33}}],"line":27}},"s":{"0":1,"1":0,"2":0,"3":0,"4":0,"5":0,"6":0},"f":{"0":0,"1":0,"2":0,"3":0},"b":{"0":[0,0],"1":[0,0],"2":[0,0]},"_coverageSchema":"1a1c01bbd47fc00a2c39e90264f33305004495a9","hash":"eb433776267d996e1d6d63c5bbe5c54808888d6d"}
,"/Users/praveentomar/Desktop/Full Stack/React Projects Namaste React/FoodApp/src/components/MenuShimmer.js": {"path":"/Users/praveentomar/Desktop/Full Stack/React Projects Namaste React/FoodApp/src/components/MenuShimmer.js","statementMap":{"0":{"start":{"line":1,"column":20},"end":{"line":25,"column":1}},"1":{"start":{"line":2,"column":4},"end":{"line":24,"column":5}}},"fnMap":{"0":{"name":"(anonymous_0)","decl":{"start":{"line":1,"column":20},"end":{"line":1,"column":21}},"loc":{"start":{"line":1,"column":26},"end":{"line":25,"column":1}},"line":1}},"branchMap":{},"s":{"0":1,"1":2},"f":{"0":2},"b":{},"_coverageSchema":"1a1c01bbd47fc00a2c39e90264f33305004495a9","hash":"d0253641c8b578b9861934bcecb88764b0ea6922"}
,"/Users/praveentomar/Desktop/Full Stack/React Projects Namaste React/FoodApp/src/components/RestaurentCard.js": {"path":"/Users/praveentomar/Desktop/Full Stack/React Projects Namaste React/FoodApp/src/components/RestaurentCard.js","statementMap":{"0":{"start":{"line":2,"column":23},"end":{"line":25,"column":1}},"1":{"start":{"line":3,"column":24},"end":{"line":3,"column":29}},"2":{"start":{"line":11,"column":8},"end":{"line":11,"column":21}},"3":{"start":{"line":13,"column":4},"end":{"line":24,"column":5}},"4":{"start":{"line":27,"column":31},"end":{"line":36,"column":1}},"5":{"start":{"line":28,"column":4},"end":{"line":35,"column":5}},"6":{"start":{"line":29,"column":8},"end":{"line":34,"column":9}}},"fnMap":{"0":{"name":"(anonymous_0)","decl":{"start":{"line":2,"column":23},"end":{"line":2,"column":24}},"loc":{"start":{"line":2,"column":34},"end":{"line":25,"column":1}},"line":2},"1":{"name":"(anonymous_1)","decl":{"start":{"line":27,"column":31},"end":{"line":27,"column":32}},"loc":{"start":{"line":27,"column":49},"end":{"line":36,"column":1}},"line":27},"2":{"name":"(anonymous_2)","decl":{"start":{"line":28,"column":11},"end":{"line":28,"column":12}},"loc":{"start":{"line":28,"column":20},"end":{"line":35,"column":5}},"line":28}},"branchMap":{},"s":{"0":2,"1":70,"2":70,"3":70,"4":2,"5":7,"6":32},"f":{"0":70,"1":7,"2":32},"b":{},"_coverageSchema":"1a1c01bbd47fc00a2c39e90264f33305004495a9","hash":"945914ad0d0f9d08f5937764dbea38040ed6a61f"}
,"/Users/praveentomar/Desktop/Full Stack/React Projects Namaste React/FoodApp/src/components/RestaurentCategory.js": {"path":"/Users/praveentomar/Desktop/Full Stack/React Projects Namaste React/FoodApp/src/components/RestaurentCategory.js","statementMap":{"0":{"start":{"line":3,"column":27},"end":{"line":24,"column":1}},"1":{"start":{"line":4,"column":20},"end":{"line":4,"column":55}},"2":{"start":{"line":6,"column":22},"end":{"line":8,"column":5}},"3":{"start":{"line":7,"column":8},"end":{"line":7,"column":26}},"4":{"start":{"line":9,"column":4},"end":{"line":23,"column":5}}},"fnMap":{"0":{"name":"(anonymous_0)","decl":{"start":{"line":3,"column":27},"end":{"line":3,"column":28}},"loc":{"start":{"line":3,"column":75},"end":{"line":24,"column":1}},"line":3},"1":{"name":"(anonymous_1)","decl":{"start":{"line":6,"column":22},"end":{"line":6,"column":23}},"loc":{"start":{"line":6,"column":26},"end":{"line":8,"column":5}},"line":6}},"branchMap":{"0":{"loc":{"start":{"line":18,"column":25},"end":{"line":18,"column":67}},"type":"binary-expr","locations":[{"start":{"line":18,"column":25},"end":{"line":18,"column":34}},{"start":{"line":18,"column":38},"end":{"line":18,"column":67}}],"line":18}},"s":{"0":1,"1":0,"2":0,"3":0,"4":0},"f":{"0":0,"1":0},"b":{"0":[0,0]},"_coverageSchema":"1a1c01bbd47fc00a2c39e90264f33305004495a9","hash":"d0d72775ee9fb420e4ee31e3a4fddd58cbd3f083"}
,"/Users/praveentomar/Desktop/Full Stack/React Projects Namaste React/FoodApp/src/components/RestaurentMenu.js": {"path":"/Users/praveentomar/Desktop/Full Stack/React Projects Namaste React/FoodApp/src/components/RestaurentMenu.js","statementMap":{"0":{"start":{"line":8,"column":23},"end":{"line":41,"column":1}},"1":{"start":{"line":9,"column":22},"end":{"line":9,"column":33}},"2":{"start":{"line":10,"column":20},"end":{"line":10,"column":44}},"3":{"start":{"line":11,"column":23},"end":{"line":11,"column":196}},"4":{"start":{"line":11,"column":101},"end":{"line":11,"column":195}},"5":{"start":{"line":14,"column":44},"end":{"line":14,"column":58}},"6":{"start":{"line":16,"column":4},"end":{"line":16,"column":50}},"7":{"start":{"line":16,"column":25},"end":{"line":16,"column":50}},"8":{"start":{"line":21,"column":8},"end":{"line":21,"column":43}},"9":{"start":{"line":23,"column":4},"end":{"line":40,"column":5}},"10":{"start":{"line":38,"column":49},"end":{"line":38,"column":223}},"11":{"start":{"line":38,"column":197},"end":{"line":38,"column":219}}},"fnMap":{"0":{"name":"(anonymous_0)","decl":{"start":{"line":8,"column":23},"end":{"line":8,"column":24}},"loc":{"start":{"line":8,"column":29},"end":{"line":41,"column":1}},"line":8},"1":{"name":"(anonymous_1)","decl":{"start":{"line":11,"column":91},"end":{"line":11,"column":92}},"loc":{"start":{"line":11,"column":101},"end":{"line":11,"column":195}},"line":11},"2":{"name":"(anonymous_2)","decl":{"start":{"line":38,"column":28},"end":{"line":38,"column":29}},"loc":{"start":{"line":38,"column":49},"end":{"line":38,"column":223}},"line":38},"3":{"name":"(anonymous_3)","decl":{"start":{"line":38,"column":193},"end":{"line":38,"column":194}},"loc":{"start":{"line":38,"column":197},"end":{"line":38,"column":219}},"line":38}},"branchMap":{"0":{"loc":{"start":{"line":16,"column":4},"end":{"line":16,"column":50}},"type":"if","locations":[{"start":{"line":16,"column":4},"end":{"line":16,"column":50}},{"start":{},"end":{}}],"line":16},"1":{"loc":{"start":{"line":38,"column":138},"end":{"line":38,"column":174}},"type":"cond-expr","locations":[{"start":{"line":38,"column":162},"end":{"line":38,"column":166}},{"start":{"line":38,"column":169},"end":{"line":38,"column":174}}],"line":38}},"s":{"0":1,"1":2,"2":2,"3":2,"4":0,"5":2,"6":2,"7":2,"8":0,"9":0,"10":0,"11":0},"f":{"0":2,"1":0,"2":0,"3":0},"b":{"0":[2,0],"1":[0,0]},"_coverageSchema":"1a1c01bbd47fc00a2c39e90264f33305004495a9","hash":"9452ac422c08254ecce6422bd44b8cb8702f29e2"}
,"/Users/praveentomar/Desktop/Full Stack/React Projects Namaste React/FoodApp/src/components/Shimmer.js": {"path":"/Users/praveentomar/Desktop/Full Stack/React Projects Namaste React/FoodApp/src/components/Shimmer.js","statementMap":{"0":{"start":{"line":1,"column":14},"end":{"line":25,"column":1}},"1":{"start":{"line":2,"column":4},"end":{"line":24,"column":5}}},"fnMap":{"0":{"name":"(anonymous_0)","decl":{"start":{"line":1,"column":14},"end":{"line":1,"column":15}},"loc":{"start":{"line":1,"column":18},"end":{"line":25,"column":1}},"line":1}},"branchMap":{},"s":{"0":1,"1":2},"f":{"0":2},"b":{},"_coverageSchema":"1a1c01bbd47fc00a2c39e90264f33305004495a9","hash":"2ce0ce2ac7ac7ece7911f57f633956a3ccc3746f"}
,"/Users/praveentomar/Desktop/Full Stack/React Projects Namaste React/FoodApp/src/components/sum.js": {"path":"/Users/praveentomar/Desktop/Full Stack/React Projects Namaste React/FoodApp/src/components/sum.js","statementMap":{"0":{"start":{"line":1,"column":17},"end":{"line":3,"column":1}},"1":{"start":{"line":2,"column":4},"end":{"line":2,"column":15}}},"fnMap":{"0":{"name":"(anonymous_0)","decl":{"start":{"line":1,"column":17},"end":{"line":1,"column":18}},"loc":{"start":{"line":1,"column":24},"end":{"line":3,"column":1}},"line":1}},"branchMap":{},"s":{"0":1,"1":1},"f":{"0":1},"b":{},"_coverageSchema":"1a1c01bbd47fc00a2c39e90264f33305004495a9","hash":"b567e8379ec02ef2ddb6c2911979627568ed41e6"}
,"/Users/praveentomar/Desktop/Full Stack/React Projects Namaste React/FoodApp/src/utils/UserContext.js": {"path":"/Users/praveentomar/Desktop/Full Stack/React Projects Namaste React/FoodApp/src/utils/UserContext.js","statementMap":{"0":{"start":{"line":3,"column":18},"end":{"line":5,"column":2}}},"fnMap":{},"branchMap":{},"s":{"0":3},"f":{},"b":{},"_coverageSchema":"1a1c01bbd47fc00a2c39e90264f33305004495a9","hash":"e373bd46dc92dbb31faec973b406230549eef35f"}
,"/Users/praveentomar/Desktop/Full Stack/React Projects Namaste React/FoodApp/src/utils/appStore.js": {"path":"/Users/praveentomar/Desktop/Full Stack/React Projects Namaste React/FoodApp/src/utils/appStore.js","statementMap":{"0":{"start":{"line":3,"column":16},"end":{"line":7,"column":2}}},"fnMap":{},"branchMap":{},"s":{"0":2},"f":{},"b":{},"_coverageSchema":"1a1c01bbd47fc00a2c39e90264f33305004495a9","hash":"747fc2c9a9321b8a9c8705afd878b8c25de9825f"}
,"/Users/praveentomar/Desktop/Full Stack/React Projects Namaste React/FoodApp/src/utils/cartSlice.js": {"path":"/Users/praveentomar/Desktop/Full Stack/React Projects Namaste React/FoodApp/src/utils/cartSlice.js","statementMap":{"0":{"start":{"line":2,"column":18},"end":{"line":19,"column":2}},"1":{"start":{"line":10,"column":12},"end":{"line":10,"column":45}},"2":{"start":{"line":13,"column":12},"end":{"line":13,"column":30}},"3":{"start":{"line":16,"column":12},"end":{"line":16,"column":35}},"4":{"start":{"line":21,"column":50},"end":{"line":21,"column":67}}},"fnMap":{"0":{"name":"(anonymous_0)","decl":{"start":{"line":8,"column":17},"end":{"line":8,"column":18}},"loc":{"start":{"line":8,"column":36},"end":{"line":11,"column":9}},"line":8},"1":{"name":"(anonymous_1)","decl":{"start":{"line":12,"column":20},"end":{"line":12,"column":21}},"loc":{"start":{"line":12,"column":39},"end":{"line":14,"column":9}},"line":12},"2":{"name":"(anonymous_2)","decl":{"start":{"line":15,"column":19},"end":{"line":15,"column":20}},"loc":{"start":{"line":15,"column":37},"end":{"line":17,"column":9}},"line":15}},"branchMap":{},"s":{"0":2,"1":0,"2":0,"3":0,"4":2},"f":{"0":0,"1":0,"2":0},"b":{},"_coverageSchema":"1a1c01bbd47fc00a2c39e90264f33305004495a9","hash":"04169c90613c1115aad4d226346e886e8f33a893"}
,"/Users/praveentomar/Desktop/Full Stack/React Projects Namaste React/FoodApp/src/utils/constants.js": {"path":"/Users/praveentomar/Desktop/Full Stack/React Projects Namaste React/FoodApp/src/utils/constants.js","statementMap":{"0":{"start":{"line":1,"column":21},"end":{"line":1,"column":104}},"1":{"start":{"line":7,"column":22},"end":{"line":7,"column":140}},"2":{"start":{"line":9,"column":22},"end":{"line":9,"column":145}}},"fnMap":{},"branchMap":{},"s":{"0":4,"1":4,"2":4},"f":{},"b":{},"_coverageSchema":"1a1c01bbd47fc00a2c39e90264f33305004495a9","hash":"26495d6d8144b6a56ec668f8e6dd341f03bfd89a"}
,"/Users/praveentomar/Desktop/Full Stack/React Projects Namaste React/FoodApp/src/utils/useOnlineStatus.js": {"path":"/Users/praveentomar/Desktop/Full Stack/React Projects Namaste React/FoodApp/src/utils/useOnlineStatus.js","statementMap":{"0":{"start":{"line":3,"column":22},"end":{"line":18,"column":1}},"1":{"start":{"line":5,"column":41},"end":{"line":5,"column":55}},"2":{"start":{"line":7,"column":4},"end":{"line":14,"column":10}},"3":{"start":{"line":8,"column":8},"end":{"line":10,"column":11}},"4":{"start":{"line":9,"column":12},"end":{"line":9,"column":35}},"5":{"start":{"line":11,"column":8},"end":{"line":13,"column":11}},"6":{"start":{"line":12,"column":12},"end":{"line":12,"column":35}},"7":{"start":{"line":17,"column":4},"end":{"line":17,"column":24}}},"fnMap":{"0":{"name":"(anonymous_0)","decl":{"start":{"line":3,"column":22},"end":{"line":3,"column":23}},"loc":{"start":{"line":3,"column":26},"end":{"line":18,"column":1}},"line":3},"1":{"name":"(anonymous_1)","decl":{"start":{"line":7,"column":14},"end":{"line":7,"column":15}},"loc":{"start":{"line":7,"column":18},"end":{"line":14,"column":5}},"line":7},"2":{"name":"(anonymous_2)","decl":{"start":{"line":8,"column":42},"end":{"line":8,"column":43}},"loc":{"start":{"line":8,"column":46},"end":{"line":10,"column":9}},"line":8},"3":{"name":"(anonymous_3)","decl":{"start":{"line":11,"column":41},"end":{"line":11,"column":42}},"loc":{"start":{"line":11,"column":45},"end":{"line":13,"column":9}},"line":11}},"branchMap":{},"s":{"0":1,"1":12,"2":12,"3":4,"4":0,"5":4,"6":0,"7":12},"f":{"0":12,"1":4,"2":0,"3":0},"b":{},"_coverageSchema":"1a1c01bbd47fc00a2c39e90264f33305004495a9","hash":"2e318e23ca39aa435349c92c14ca541da33a5cc7"}
,"/Users/praveentomar/Desktop/Full Stack/React Projects Namaste React/FoodApp/src/utils/useRestaurentMenu.js": {"path":"/Users/praveentomar/Desktop/Full Stack/React Projects Namaste React/FoodApp/src/utils/useRestaurentMenu.js","statementMap":{"0":{"start":{"line":3,"column":24},"end":{"line":19,"column":1}},"1":{"start":{"line":5,"column":31},"end":{"line":5,"column":45}},"2":{"start":{"line":6,"column":4},"end":{"line":8,"column":10}},"3":{"start":{"line":7,"column":8},"end":{"line":7,"column":20}},"4":{"start":{"line":10,"column":20},"end":{"line":16,"column":5}},"5":{"start":{"line":11,"column":19},"end":{"line":11,"column":46}},"6":{"start":{"line":12,"column":19},"end":{"line":12,"column":36}},"7":{"start":{"line":15,"column":8},"end":{"line":15,"column":30}},"8":{"start":{"line":17,"column":4},"end":{"line":17,"column":19}}},"fnMap":{"0":{"name":"(anonymous_0)","decl":{"start":{"line":3,"column":24},"end":{"line":3,"column":25}},"loc":{"start":{"line":3,"column":33},"end":{"line":19,"column":1}},"line":3},"1":{"name":"(anonymous_1)","decl":{"start":{"line":6,"column":14},"end":{"line":6,"column":15}},"loc":{"start":{"line":6,"column":18},"end":{"line":8,"column":5}},"line":6},"2":{"name":"(anonymous_2)","decl":{"start":{"line":10,"column":20},"end":{"line":10,"column":21}},"loc":{"start":{"line":10,"column":30},"end":{"line":16,"column":5}},"line":10}},"branchMap":{},"s":{"0":1,"1":2,"2":2,"3":1,"4":2,"5":1,"6":1,"7":1,"8":2},"f":{"0":2,"1":1,"2":1},"b":{},"_coverageSchema":"1a1c01bbd47fc00a2c39e90264f33305004495a9","hash":"49056088027d512a0c7d2a0c8acabc396206b8cc"}
}
